This is pdfTeX, Version 3.141592653-2.6-1.40.29 (MiKTeX 26.2) (preloaded format=pdflatex 2026.2.28)  13 MAY 2026 10:31
entering extended mode
 restricted \write18 enabled.
 %&-line parsing enabled.
**./access.tex
(access.tex
LaTeX2e <2025-11-01>
L3 programming layer <2026-01-19>
(ieeeaccess.cls (IEEEtran.cls
Document Class: IEEEtran 2015/08/26 V1.8b by Michael Shell
-- See the "IEEEtran_HOWTO" manual for usage information.
-- http://www.michaelshell.org/tex/ieeetran/
\@IEEEtrantmpdimenA=\dimen148
\@IEEEtrantmpdimenB=\dimen149
\@IEEEtrantmpdimenC=\dimen150
\@IEEEtrantmpcountA=\count275
\@IEEEtrantmpcountB=\count276
\@IEEEtrantmpcountC=\count277
\@IEEEtrantmptoksA=\toks17
LaTeX Font Info:    Trying to load font information for OT1+ptm on input line 5
03.
(C:\Users\ctran\AppData\Local\Programs\MiKTeX\tex/latex/psnfss\ot1ptm.fd
File: ot1ptm.fd 2001/06/04 font definitions for OT1/ptm.
)
-- Using 8.5in x 11in (letter) paper.
-- Using PDF output.
\@IEEEnormalsizeunitybaselineskip=\dimen151
-- This is a 10 point document.
LaTeX Encoding Info:    Redeclaring text command \textunderscore (encoding ?) o
n input line 937.
\CLASSINFOnormalsizebaselineskip=\dimen152
\CLASSINFOnormalsizeunitybaselineskip=\dimen153
\IEEEnormaljot=\dimen154
LaTeX Font Info:    Font shape `OT1/ptm/bx/n' in size <5> not available
(Font)              Font shape `OT1/ptm/b/n' tried instead on input line 1090.
LaTeX Font Info:    Font shape `OT1/ptm/bx/it' in size <5> not available
(Font)              Font shape `OT1/ptm/b/it' tried instead on input line 1090.

LaTeX Font Info:    Font shape `OT1/ptm/bx/n' in size <7> not available
(Font)              Font shape `OT1/ptm/b/n' tried instead on input line 1090.
LaTeX Font Info:    Font shape `OT1/ptm/bx/it' in size <7> not available
(Font)              Font shape `OT1/ptm/b/it' tried instead on input line 1090.

LaTeX Font Info:    Font shape `OT1/ptm/bx/n' in size <8> not available
(Font)              Font shape `OT1/ptm/b/n' tried instead on input line 1090.
LaTeX Font Info:    Font shape `OT1/ptm/bx/it' in size <8> not available
(Font)              Font shape `OT1/ptm/b/it' tried instead on input line 1090.

LaTeX Font Info:    Font shape `OT1/ptm/bx/n' in size <9> not available
(Font)              Font shape `OT1/ptm/b/n' tried instead on input line 1090.
LaTeX Font Info:    Font shape `OT1/ptm/bx/it' in size <9> not available
(Font)              Font shape `OT1/ptm/b/it' tried instead on input line 1090.

LaTeX Font Info:    Font shape `OT1/ptm/bx/n' in size <10> not available
(Font)              Font shape `OT1/ptm/b/n' tried instead on input line 1090.
LaTeX Font Info:    Font shape `OT1/ptm/bx/it' in size <10> not available
(Font)              Font shape `OT1/ptm/b/it' tried instead on input line 1090.

LaTeX Font Info:    Font shape `OT1/ptm/bx/n' in size <11> not available
(Font)              Font shape `OT1/ptm/b/n' tried instead on input line 1090.
LaTeX Font Info:    Font shape `OT1/ptm/bx/it' in size <11> not available
(Font)              Font shape `OT1/ptm/b/it' tried instead on input line 1090.

LaTeX Font Info:    Font shape `OT1/ptm/bx/n' in size <12> not available
(Font)              Font shape `OT1/ptm/b/n' tried instead on input line 1090.
LaTeX Font Info:    Font shape `OT1/ptm/bx/it' in size <12> not available
(Font)              Font shape `OT1/ptm/b/it' tried instead on input line 1090.

LaTeX Font Info:    Font shape `OT1/ptm/bx/n' in size <17> not available
(Font)              Font shape `OT1/ptm/b/n' tried instead on input line 1090.
LaTeX Font Info:    Font shape `OT1/ptm/bx/it' in size <17> not available
(Font)              Font shape `OT1/ptm/b/it' tried instead on input line 1090.

LaTeX Font Info:    Font shape `OT1/ptm/bx/n' in size <20> not available
(Font)              Font shape `OT1/ptm/b/n' tried instead on input line 1090.
LaTeX Font Info:    Font shape `OT1/ptm/bx/it' in size <20> not available
(Font)              Font shape `OT1/ptm/b/it' tried instead on input line 1090.

LaTeX Font Info:    Font shape `OT1/ptm/bx/n' in size <24> not available
(Font)              Font shape `OT1/ptm/b/n' tried instead on input line 1090.
LaTeX Font Info:    Font shape `OT1/ptm/bx/it' in size <24> not available
(Font)              Font shape `OT1/ptm/b/it' tried instead on input line 1090.

\IEEEquantizedlength=\dimen155
\IEEEquantizedlengthdiff=\dimen156
\IEEEquantizedtextheightdiff=\dimen157
\IEEEilabelindentA=\dimen158
\IEEEilabelindentB=\dimen159
\IEEEilabelindent=\dimen160
\IEEEelabelindent=\dimen161
\IEEEdlabelindent=\dimen162
\IEEElabelindent=\dimen163
\IEEEiednormlabelsep=\dimen164
\IEEEiedmathlabelsep=\dimen165
\IEEEiedtopsep=\skip49
\c@section=\count278
\c@subsection=\count279
\c@subsubsection=\count280
\c@paragraph=\count281
\c@IEEEsubequation=\count282
\abovecaptionskip=\skip50
\belowcaptionskip=\skip51
\c@figure=\count283
\c@table=\count284
\@IEEEeqnnumcols=\count285
\@IEEEeqncolcnt=\count286
\@IEEEsubeqnnumrollback=\count287
\@IEEEquantizeheightA=\dimen166
\@IEEEquantizeheightB=\dimen167
\@IEEEquantizeheightC=\dimen168
\@IEEEquantizeprevdepth=\dimen169
\@IEEEquantizemultiple=\count288
\@IEEEquantizeboxA=\box53
\@IEEEtmpitemindent=\dimen170
\IEEEPARstartletwidth=\dimen171
\c@IEEEbiography=\count289
\@IEEEtranrubishbin=\box54
) (C:\Users\ctran\AppData\Local\Programs\MiKTeX\tex/generic/iftex\ifpdf.sty
Package: ifpdf 2019/10/25 v3.4 ifpdf legacy package. Use iftex instead.

(C:\Users\ctran\AppData\Local\Programs\MiKTeX\tex/generic/iftex\iftex.sty
Package: iftex 2024/12/12 v1.0g TeX engine tests
))
(C:\Users\ctran\AppData\Local\Programs\MiKTeX\tex/latex/xkeyval\xkeyval.sty
Package: xkeyval 2022/06/16 v2.9 package option processing (HA)

(C:\Users\ctran\AppData\Local\Programs\MiKTeX\tex/generic/xkeyval\xkeyval.tex
(C:\Users\ctran\AppData\Local\Programs\MiKTeX\tex/generic/xkeyval\xkvutils.tex
\XKV@toks=\toks18
\XKV@tempa@toks=\toks19

(C:\Users\ctran\AppData\Local\Programs\MiKTeX\tex/generic/xkeyval\keyval.tex))
\XKV@depth=\count290
File: xkeyval.tex 2014/12/03 v2.7a key=value parser (HA)
)){C:/Users/ctran/AppData/Local/MiKTeX/fonts/map/pdftex/pdftex.map}{./t1-times.
map}{./t1-formata.map}{./t1-giovannistd.map}
\@draftversionrule=\dimen172

(C:\Users\ctran\AppData\Local\Programs\MiKTeX\tex/latex/graphics\color.sty
Package: color 2025/01/14 v1.3e Standard LaTeX Color (DPC)

(C:\Users\ctran\AppData\Local\Programs\MiKTeX\tex/latex/graphics-cfg\color.cfg
File: color.cfg 2016/01/02 v1.6 sample color configuration
)
Package color Info: Driver file: pdftex.def on input line 149.

(C:\Users\ctran\AppData\Local\Programs\MiKTeX\tex/latex/graphics-def\pdftex.def
File: pdftex.def 2025/09/29 v1.2d Graphics/color driver for pdftex
)
(C:\Users\ctran\AppData\Local\Programs\MiKTeX\tex/latex/graphics\mathcolor.ltx)
) (spotcolor.sty
Package: spotcolor 2006/11/15 v1.2 Package for adding Spot Color support to pdf
LaTeX.

(C:\Users\ctran\AppData\Local\Programs\MiKTeX\tex/latex/graphics\graphics.sty
Package: graphics 2024/08/06 v1.4g Standard LaTeX Graphics (DPC,SPQR)

(C:\Users\ctran\AppData\Local\Programs\MiKTeX\tex/latex/graphics\trig.sty
Package: trig 2023/12/02 v1.11 sin cos tan (DPC)
)
(C:\Users\ctran\AppData\Local\Programs\MiKTeX\tex/latex/graphics-cfg\graphics.c
fg
File: graphics.cfg 2016/06/04 v1.11 sample graphics configuration
)
Package graphics Info: Driver file: pdftex.def on input line 106.
)
\thecolorprofile=\count291
\thecolor=\count292
)
\PANTONE=\toks20
Package color Info: Redefining color black on input line 287.
\figbox=\box55
\titlewidth=\skip52
\abstractwidth=\skip53
\c@addrCtr=\count293
\abstractbox=\box56
\indexbox=\box57
\absht=\dimen173
\kwdht=\dimen174
\@tempcntc=\count294
\titlepgskip=\skip54
\maketitlebox=\box58
) (C:\Users\ctran\AppData\Local\Programs\MiKTeX\tex/latex/cite\cite.sty
LaTeX Info: Redefining \cite on input line 302.
LaTeX Info: Redefining \nocite on input line 332.
Package: cite 2015/02/27  v 5.5
)
(C:\Users\ctran\AppData\Local\Programs\MiKTeX\tex/latex/amsmath\amsmath.sty
Package: amsmath 2025/07/09 v2.17z AMS math features
\@mathmargin=\skip55

For additional information on amsmath, use the `?' option.
(C:\Users\ctran\AppData\Local\Programs\MiKTeX\tex/latex/amsmath\amstext.sty
Package: amstext 2024/11/17 v2.01 AMS text

(C:\Users\ctran\AppData\Local\Programs\MiKTeX\tex/latex/amsmath\amsgen.sty
File: amsgen.sty 1999/11/30 v2.0 generic functions
\@emptytoks=\toks21
\ex@=\dimen175
))
(C:\Users\ctran\AppData\Local\Programs\MiKTeX\tex/latex/amsmath\amsbsy.sty
Package: amsbsy 1999/11/29 v1.2d Bold Symbols
\pmbraise@=\dimen176
)
(C:\Users\ctran\AppData\Local\Programs\MiKTeX\tex/latex/amsmath\amsopn.sty
Package: amsopn 2022/04/08 v2.04 operator names
)
\inf@bad=\count295
LaTeX Info: Redefining \frac on input line 233.
\uproot@=\count296
\leftroot@=\count297
LaTeX Info: Redefining \overline on input line 398.
LaTeX Info: Redefining \colon on input line 409.
\classnum@=\count298
\DOTSCASE@=\count299
LaTeX Info: Redefining \ldots on input line 495.
LaTeX Info: Redefining \dots on input line 498.
LaTeX Info: Redefining \cdots on input line 619.
\Mathstrutbox@=\box59
\strutbox@=\box60
LaTeX Info: Redefining \big on input line 721.
LaTeX Info: Redefining \Big on input line 722.
LaTeX Info: Redefining \bigg on input line 723.
LaTeX Info: Redefining \Bigg on input line 724.
\big@size=\dimen177
LaTeX Font Info:    Redeclaring font encoding OML on input line 742.
LaTeX Font Info:    Redeclaring font encoding OMS on input line 743.
\macc@depth=\count300
LaTeX Info: Redefining \bmod on input line 904.
LaTeX Info: Redefining \pmod on input line 909.
LaTeX Info: Redefining \smash on input line 939.
LaTeX Info: Redefining \relbar on input line 969.
LaTeX Info: Redefining \Relbar on input line 970.
\c@MaxMatrixCols=\count301
\dotsspace@=\muskip17
\c@parentequation=\count302
\dspbrk@lvl=\count303
\tag@help=\toks22
\row@=\count304
\column@=\count305
\maxfields@=\count306
\andhelp@=\toks23
\eqnshift@=\dimen178
\alignsep@=\dimen179
\tagshift@=\dimen180
\tagwidth@=\dimen181
\totwidth@=\dimen182
\lineht@=\dimen183
\@envbody=\toks24
\multlinegap=\skip56
\multlinetaggap=\skip57
\mathdisplay@stack=\toks25
LaTeX Info: Redefining \[ on input line 2950.
LaTeX Info: Redefining \] on input line 2951.
)
(C:\Users\ctran\AppData\Local\Programs\MiKTeX\tex/latex/amsfonts\amssymb.sty
Package: amssymb 2013/01/14 v3.01 AMS font symbols

(C:\Users\ctran\AppData\Local\Programs\MiKTeX\tex/latex/amsfonts\amsfonts.sty
Package: amsfonts 2013/01/14 v3.01 Basic AMSFonts support
\symAMSa=\mathgroup4
\symAMSb=\mathgroup5
LaTeX Font Info:    Redeclaring math symbol \hbar on input line 98.
LaTeX Font Info:    Overwriting math alphabet `\mathfrak' in version `bold'
(Font)                  U/euf/m/n --> U/euf/b/n on input line 106.
))
(C:\Users\ctran\AppData\Local\Programs\MiKTeX\tex/latex/algorithms\algorithmic.
sty
Package: algorithmic 2009/08/24 v0.1 Document Style `algorithmic'
 (C:\Users\ctran\AppData\Local\Programs\MiKTeX\tex/latex/base\ifthen.sty
Package: ifthen 2024/03/16 v1.1e Standard LaTeX ifthen package (DPC)
)
\c@ALC@unique=\count307
\c@ALC@line=\count308
\c@ALC@rem=\count309
\c@ALC@depth=\count310
\ALC@tlm=\skip58
\algorithmicindent=\skip59
)
(C:\Users\ctran\AppData\Local\Programs\MiKTeX\tex/latex/graphics\graphicx.sty
Package: graphicx 2024/12/31 v1.2e Enhanced LaTeX Graphics (DPC,SPQR)
\Gin@req@height=\dimen184
\Gin@req@width=\dimen185
)
(C:\Users\ctran\AppData\Local\Programs\MiKTeX\tex/latex/base\textcomp.sty
Package: textcomp 2024/04/24 v2.1b Standard LaTeX package
)
(C:\Users\ctran\AppData\Local\Programs\MiKTeX\tex/latex/tools\bm.sty
Package: bm 2025/10/21 v1.2g Bold Symbol Support (DPC/FMi)
\symboldoperators=\mathgroup6
\symboldletters=\mathgroup7
\symboldsymbols=\mathgroup8
Package bm Info: No bold for \OMX/cmex/m/n, using \pmb.
Package bm Info: No bold for \U/msa/m/n, using \pmb.
Package bm Info: No bold for \U/msb/m/n, using \pmb.
LaTeX Font Info:    Redeclaring math alphabet \mathbf on input line 149.
)
(C:\Users\ctran\AppData\Local\Programs\MiKTeX\tex/latex/l3backend\l3backend-pdf
tex.def
File: l3backend-pdftex.def 2025-10-09 L3 backend support: PDF output (pdfTeX)
\l__color_backend_stack_int=\count311
) (access.aux)
\openout1 = `access.aux'.

LaTeX Font Info:    Checking defaults for OML/cmm/m/it on input line 26.
LaTeX Font Info:    ... okay on input line 26.
LaTeX Font Info:    Checking defaults for OMS/cmsy/m/n on input line 26.
LaTeX Font Info:    ... okay on input line 26.
LaTeX Font Info:    Checking defaults for OT1/cmr/m/n on input line 26.
LaTeX Font Info:    ... okay on input line 26.
LaTeX Font Info:    Checking defaults for T1/cmr/m/n on input line 26.
LaTeX Font Info:    ... okay on input line 26.
LaTeX Font Info:    Checking defaults for TS1/cmr/m/n on input line 26.
LaTeX Font Info:    ... okay on input line 26.
LaTeX Font Info:    Checking defaults for OMX/cmex/m/n on input line 26.
LaTeX Font Info:    ... okay on input line 26.
LaTeX Font Info:    Checking defaults for U/cmr/m/n on input line 26.
LaTeX Font Info:    ... okay on input line 26.

-- Lines per column: 56 (exact).
\symNewLetters=\mathgroup9
\symxsymbols=\mathgroup10
LaTeX Font Info:    Redeclaring math symbol \ddagger on input line 26.
LaTeX Font Info:    Redeclaring math symbol \dagger on input line 26.
\c@mv@regular=\count312
LaTeX Font Info:    Encoding `OT1' has changed to `T1' for symbol font
(Font)              `operators' in the math version `regular' on input line 26.

LaTeX Font Info:    Overwriting symbol font `operators' in version `regular'
(Font)                  OT1/cmr/m/n --> T1/formata/n/n on input line 26.
LaTeX Font Info:    Overwriting symbol font `NewLetters' in version `regular'
(Font)                  T1/times/n/it --> T1/formata/n/it on input line 26.
LaTeX Font Info:    Overwriting math alphabet `\mathrm' in version `regular'
(Font)                  T1/formata/n/n --> T1/formata/n/n on input line 26.
LaTeX Font Info:    Overwriting math alphabet `\mathit' in version `regular'
(Font)                  OT1/cmr/m/it --> T1/formata/n/it on input line 26.
LaTeX Font Info:    Overwriting math alphabet `\mathbf' in version `regular'
(Font)                  OT1/cmr/bx/n --> T1/formata/m/n on input line 26.
LaTeX Font Info:    Overwriting math alphabet `\mathtt' in version `regular'
(Font)                  OT1/cmtt/m/n --> OT1/pcr/m/n on input line 26.
\c@mv@medium=\count313
LaTeX Font Info:    Encoding `OT1' has changed to `T1' for symbol font
(Font)              `operators' in the math version `medium' on input line 26.
LaTeX Font Info:    Overwriting symbol font `operators' in version `medium'
(Font)                  OT1/cmr/m/n --> T1/formata/m/n on input line 26.
LaTeX Font Info:    Overwriting symbol font `NewLetters' in version `medium'
(Font)                  T1/times/n/it --> T1/formata/m/it on input line 26.
LaTeX Font Info:    Overwriting math alphabet `\mathrm' in version `medium'
(Font)                  > T1/formata/m/n on input line 26.
LaTeX Font Info:    Overwriting math alphabet `\mathit' in version `medium'
(Font)                  OT1/cmr/m/it --> T1/formata/m/it on input line 26.
LaTeX Font Info:    Overwriting math alphabet `\mathbf' in version `medium'
(Font)                  > T1/formata/b/n on input line 26.
LaTeX Font Info:    Overwriting math alphabet `\mathtt' in version `medium'
(Font)                  OT1/cmtt/m/n --> OT1/pcr/b/n on input line 26.
\c@mv@black=\count314
LaTeX Font Info:    Encoding `OT1' has changed to `T1' for symbol font
(Font)              `operators' in the math version `black' on input line 26.
LaTeX Font Info:    Overwriting symbol font `operators' in version `black'
(Font)                  OT1/cmr/m/n --> T1/formata/b/n on input line 26.
LaTeX Font Info:    Overwriting symbol font `NewLetters' in version `black'
(Font)                  T1/times/n/it --> T1/formata/b/it on input line 26.
LaTeX Font Info:    Overwriting math alphabet `\mathrm' in version `black'
(Font)                  > T1/formata/b/n on input line 26.
LaTeX Font Info:    Overwriting math alphabet `\mathit' in version `black'
(Font)                  OT1/cmr/m/it --> T1/formata/b/it on input line 26.
LaTeX Font Info:    Overwriting math alphabet `\mathbf' in version `black'
(Font)                  > T1/formata/b/n on input line 26.
LaTeX Font Info:    Overwriting math alphabet `\mathtt' in version `black'
(Font)                  OT1/cmtt/m/n --> OT1/pcr/b/n on input line 26.
LaTeX Font Info:    Trying to load font information for T1+ptm on input line 26
.
(C:\Users\ctran\AppData\Local\Programs\MiKTeX\tex/latex/psnfss\t1ptm.fd
File: t1ptm.fd 2001/06/04 font definitions for T1/ptm.
)
LaTeX Font Info:    Trying to load font information for T1+times on input line 
26.

(t1times.fd)
(C:\Users\ctran\AppData\Local\Programs\MiKTeX\tex/context/base/mkii\supp-pdf.mk
ii
[Loading MPS to PDF converter (version 2006.09.02).]
\scratchcounter=\count315
\scratchdimen=\dimen186
\scratchbox=\box61
\nofMPsegments=\count316
\nofMParguments=\count317
\everyMPshowfont=\toks26
\MPscratchCnt=\count318
\MPscratchDim=\dimen187
\MPnumerator=\count319
\makeMPintoPDFobject=\count320
\everyMPtoPDFconversion=\toks27
)
(C:\Users\ctran\AppData\Local\Programs\MiKTeX\tex/latex/epstopdf-pkg\epstopdf-b
ase.sty
Package: epstopdf-base 2020-01-24 v2.11 Base part for package epstopdf
Package epstopdf-base Info: Redefining graphics rule for `.eps' on input line 4
85.

(C:\Users\ctran\AppData\Local\Programs\MiKTeX\tex/latex/00miktex\epstopdf-sys.c
fg
File: epstopdf-sys.cfg 2021/03/18 v2.0 Configuration of epstopdf for MiKTeX
))
LaTeX Font Info:    Redeclaring math version `bold' on input line 26.
LaTeX Font Info:    Encoding `OT1' has changed to `T1' for symbol font
(Font)              `operators' in the math version `bold' on input line 26.
LaTeX Font Info:    Overwriting symbol font `operators' in version `bold'
(Font)                  OT1/cmr/m/n --> T1/times/b/n on input line 26.
LaTeX Font Info:    Overwriting symbol font `NewLetters' in version `bold'
(Font)                  T1/times/n/it --> T1/times/b/it on input line 26.
LaTeX Font Info:    Overwriting math alphabet `\mathrm' in version `bold'
(Font)                  > T1/times/b/n on input line 26.
LaTeX Font Info:    Overwriting math alphabet `\mathit' in version `bold'
(Font)                  OT1/cmr/m/it --> T1/times/b/it on input line 26.
LaTeX Font Info:    Overwriting math alphabet `\mathbf' in version `bold'
(Font)                  > T1/times/b/n on input line 26.
LaTeX Font Info:    Overwriting math alphabet `\mathtt' in version `bold'
(Font)                  OT1/cmtt/m/n --> OT1/pcr/b/n on input line 26.
LaTeX Font Info:    Overwriting symbol font `symbols' in version `bold'
(Font)                  OMS/cmsy/m/n --> OMS/cmsy/b/n on input line 26.
<bullet.png, id=3, 12.045pt x 35.38219pt>
File: bullet.png Graphic file (type png)
<use bullet.png>
Package pdftex.def Info: bullet.png  used on input line 54.
(pdftex.def)             Requested size: 5.0pt x 14.6871pt.
LaTeX Font Info:    Trying to load font information for U+msa on input line 57.

 (C:\Users\ctran\AppData\Local\Programs\MiKTeX\tex/latex/amsfonts\umsa.fd
File: umsa.fd 2013/01/14 v3.01 AMS symbols A
)
LaTeX Font Info:    Trying to load font information for U+msb on input line 57.


(C:\Users\ctran\AppData\Local\Programs\MiKTeX\tex/latex/amsfonts\umsb.fd
File: umsb.fd 2013/01/14 v3.01 AMS symbols B
)
File: bullet.png Graphic file (type png)
<use bullet.png>
Package pdftex.def Info: bullet.png  used on input line 77.
(pdftex.def)             Requested size: 5.0pt x 14.6871pt.
LaTeX Font Info:    Calculating math sizes for size <9.9> on input line 84.
LaTeX Font Info:    Calculating math sizes for size <6.6> on input line 84.

Overfull \hbox (9.2679pt too wide) in paragraph at lines 84--84
[]  
 []


Overfull \hbox (9.2679pt too wide) in paragraph at lines 84--84
[]  
 []


Underfull \hbox (badness 1490) in paragraph at lines 88--95
[]\T1/times/n/n/10 HIS doc-u-ment is a tem-plate for L[]T[]X. If you are
 []


Underfull \hbox (badness 1484) in paragraph at lines 88--95
\T1/times/n/n/10 read-ing a pa-per or PDF ver-sion of this doc-u-ment,
 []


Underfull \hbox (badness 3058) in paragraph at lines 88--95
[]$ \T1/times/n/n/10 so you can use it to pre-pare your
 []


Underfull \hbox (badness 2376) in paragraph at lines 88--95
\T1/times/n/n/10 manuscript. If you would pre-fer to use La-TeX, down-
 []


Underfull \hbox (badness 3138) in paragraph at lines 88--95
\T1/times/n/n/10 at $[]$
 []


Underfull \hbox (badness 10000) in paragraph at lines 88--95
[]$
 []


Underfull \vbox (badness 10000) has occurred while \output is active []

<logo.png, id=4, 206.27063pt x 53.44969pt>
File: logo.png Graphic file (type png)
<use logo.png>
Package pdftex.def Info: logo.png  used on input line 121.
(pdftex.def)             Requested size: 91.32pt x 23.66309pt.

Overfull \hbox (505.12177pt too wide) has occurred while \output is active
[]
 []


Overfull \hbox (505.12177pt too wide) has occurred while \output is active
[]
 []


Overfull \hbox (505.12177pt too wide) has occurred while \output is active
[]
 []


Underfull \hbox (badness 10000) has occurred while \output is active
[]
 []

[1


 <./logo.png> <./bullet.png>]
<equation3.png, id=18, 465.23813pt x 69.25874pt>
File: equation3.png Graphic file (type png)
<use equation3.png>
Package pdftex.def Info: equation3.png  used on input line 152.
(pdftex.def)             Requested size: 241.92522pt x 36.01474pt.

Overfull \hbox (2.25166pt too wide) in paragraph at lines 152--153
[]$ $[] 
 []

LaTeX Font Info:    Trying to load font information for T1+pcr on input line 16
2.
(C:\Users\ctran\AppData\Local\Programs\MiKTeX\tex/latex/psnfss\t1pcr.fd
File: t1pcr.fd 2001/06/04 font definitions for T1/pcr.
)

LaTeX Font Warning: Font shape `T1/times/m/sc' undefined
(Font)              using `T1/times/m/n' instead on input line 178.

<fig1.png, id=20, 249.3315pt x 189.22694pt>
File: fig1.png Graphic file (type png)
<use fig1.png>
Package pdftex.def Info: fig1.png  used on input line 216.
(pdftex.def)             Requested size: 249.33087pt x 189.22647pt.
File: fig1.png Graphic file (type png)
<use fig1.png>
Package pdftex.def Info: fig1.png  used on input line 216.
(pdftex.def)             Requested size: 249.33087pt x 189.22647pt.
<notaglinelogo.png, id=21, 169.38281pt x 42.91031pt>
File: notaglinelogo.png Graphic file (type png)
<use notaglinelogo.png>
Package pdftex.def Info: notaglinelogo.png  used on input line 234.
(pdftex.def)             Requested size: 91.32pt x 23.1352pt.

LaTeX Font Warning: Font shape `T1/formata/m/sl' undefined
(Font)              using `T1/formata/m/it' instead on input line 234.


Overfull \hbox (505.12177pt too wide) has occurred while \output is active
[]
 []


Overfull \hbox (505.12177pt too wide) has occurred while \output is active
[]
 []


Underfull \hbox (badness 10000) has occurred while \output is active
[]
 []

[2{C:/Users/ctran/AppData/Local/Programs/MiKTeX/fonts/enc/dvips/base/8r.enc} <.
/notaglinelogo.png> <./equation3.png>]
Underfull \hbox (badness 10000) in paragraph at lines 248--250
[]\T1/times/m/sc/10 A gen-eral IEEE styleguide is avail-able at 
 []


Overfull \hbox (14.32645pt too wide) in paragraph at lines 279--339
[][]
 []


Underfull \hbox (badness 3492) in paragraph at lines 357--364
\T1/times/m/sc/10 Most charts, graphs, and ta-bles are one col-umn wide
 []


Underfull \hbox (badness 1442) in paragraph at lines 357--364
\T1/times/m/sc/10 (3.5 inches/88 mil-lime-ters/21 pi-cas) or page wide (7.16
 []


LaTeX Font Warning: Font shape `T1/formata/m/sl' undefined
(Font)              using `T1/formata/m/it' instead on input line 364.

File: notaglinelogo.png Graphic file (type png)
<use notaglinelogo.png>
Package pdftex.def Info: notaglinelogo.png  used on input line 364.
(pdftex.def)             Requested size: 91.32pt x 23.1352pt.

Overfull \hbox (505.12177pt too wide) has occurred while \output is active
[]
 []


Overfull \hbox (505.12177pt too wide) has occurred while \output is active
[]
 []


Underfull \hbox (badness 10000) has occurred while \output is active
[]
 []

[3 <./fig1.png (PNG copy)>]
Underfull \hbox (badness 3364) in paragraph at lines 394--399
\T1/times/m/sc/10 color space. Grayscale im-ages should be sub-mit-ted in
 []

File: notaglinelogo.png Graphic file (type png)
<use notaglinelogo.png>
Package pdftex.def Info: notaglinelogo.png  used on input line 445.
(pdftex.def)             Requested size: 91.32pt x 23.1352pt.

LaTeX Font Warning: Font shape `T1/formata/m/sl' undefined
(Font)              using `T1/formata/m/it' instead on input line 445.


Overfull \hbox (505.12177pt too wide) has occurred while \output is active
[]
 []


Overfull \hbox (505.12177pt too wide) has occurred while \output is active
[]
 []


Underfull \hbox (badness 10000) has occurred while \output is active
[]
 []

[4]
Underfull \hbox (badness 3302) in paragraph at lines 479--481
\T1/times/m/sc/10 com-mand be-low. If you have only one ap-pendix, use
 []


Underfull \vbox (badness 4886) has occurred while \output is active []


Underfull \hbox (badness 10000) in paragraph at lines 524--531
\T1/times/m/sc/10 Authors must sub-mit an elec-tronic IEEE Copy-right
 []


Underfull \hbox (badness 10000) in paragraph at lines 524--531
\T1/times/m/sc/10 Form (eCF) upon sub-mit-ting their fi-nal manuscript
 []


Underfull \hbox (badness 7030) in paragraph at lines 524--531
\T1/times/m/sc/10 files. You can ac-cess the eCF sys-tem through your
 []


Underfull \hbox (badness 6675) in paragraph at lines 524--531
\T1/times/m/sc/10 manuscript sub-mis-sion sys-tem or through the Au-thor
 []


Underfull \hbox (badness 5504) in paragraph at lines 524--531
\T1/times/m/sc/10 Gate-way. You are re-spon-si-ble for ob-tain-ing any nec-
 []


Underfull \hbox (badness 5519) in paragraph at lines 524--531
\T1/times/m/sc/10 es-sary ap-provals and/or se-cu-rity clear-ances. For ad-di-
 []


Underfull \hbox (badness 1874) in paragraph at lines 524--531
\T1/times/m/sc/10 IEEE In-tel-lec-tual Prop-erty Rights de-part-ment web page
 []


Underfull \hbox (badness 6032) in paragraph at lines 524--531
\T1/times/m/sc/10 at $[]$
 []


LaTeX Font Warning: Font shape `T1/formata/m/sl' undefined
(Font)              using `T1/formata/m/it' instead on input line 531.

File: notaglinelogo.png Graphic file (type png)
<use notaglinelogo.png>
Package pdftex.def Info: notaglinelogo.png  used on input line 531.
(pdftex.def)             Requested size: 91.32pt x 23.1352pt.

Overfull \hbox (505.12177pt too wide) has occurred while \output is active
[]
 []


Overfull \hbox (505.12177pt too wide) has occurred while \output is active
[]
 []


Underfull \hbox (badness 10000) has occurred while \output is active
[]
 []

[5]
Underfull \hbox (badness 3396) in paragraph at lines 597--600
\T1/times/m/sc/10 J. K. Au-thor, ``Name of pa-per,'' \T1/times/m/it/10 Ab-brev.
 Ti-tle of
 []


Underfull \hbox (badness 10000) in paragraph at lines 597--600
\T1/times/m/it/10 Pe-ri-od-i-cal\T1/times/m/sc/10 , vol. $\T1/times/m/it/10 x$\
T1/times/m/sc/10 , no. $\T1/times/m/it/10 x$\T1/times/m/sc/10 , pp. \T1/times/m
/it/10 xxx--xxx\T1/times/m/sc/10 , Ab-brev.
 []


Underfull \hbox (badness 2409) in paragraph at lines 601--604
\T1/times/m/sc/10 J.K. Au-thor. (year, month). Ti-tle. pre-sented at ab-
 []


Underfull \hbox (badness 1622) in paragraph at lines 613--616
\T1/times/m/sc/10 day). Patent Num-ber [Type of medium]. Avail-able:
 []

File: notaglinelogo.png Graphic file (type png)
<use notaglinelogo.png>
Package pdftex.def Info: notaglinelogo.png  used on input line 616.
(pdftex.def)             Requested size: 91.32pt x 23.1352pt.

LaTeX Font Warning: Font shape `T1/formata/m/sl' undefined
(Font)              using `T1/formata/m/it' instead on input line 616.


Overfull \hbox (505.12177pt too wide) has occurred while \output is active
[]
 []


Overfull \hbox (505.12177pt too wide) has occurred while \output is active
[]
 []


Underfull \hbox (badness 10000) has occurred while \output is active
[]
 []

[6]
Underfull \hbox (badness 2435) in paragraph at lines 637--638
[]\T1/times/m/sc/10 J. K. Au-thor, pri-vate com-mu-ni-ca-tion, Ab-brev.
 []

LaTeX Font Info:    Calculating math sizes for size <7.61> on input line 670.

Underfull \hbox (badness 5578) in paragraph at lines 672--673
[]\T1/times/n/n/7.61 W.-K. Chen, \T1/times/n/it/7.61 Lin-ear Net-works and Sys-
tems. \T1/times/n/n/7.61 Bel-mont, CA, USA:
 []


Underfull \hbox (badness 2951) in paragraph at lines 688--693
[]\T1/times/n/n/7.61 G. O. Young, ``Syn-thetic struc-ture of in-dus-trial plas-
tics,'' in Plas-
 []


Underfull \hbox (badness 1968) in paragraph at lines 694--697
\T1/times/n/n/7.61 Chicago, IL, USA: Univ. Chicago Press, 1987. [On-line]. Avai
l-able:
 []


Underfull \hbox (badness 10000) in paragraph at lines 713--717
[]\T1/times/n/n/7.61 PROCESS Cor-po-ra-tion, Boston, MA, USA. In-tranets: In-te
r-net
 []


Underfull \hbox (badness 1371) in paragraph at lines 713--717
\T1/times/n/n/7.61 tech-nolo-gies de-ployed be-hind the fire-wall for cor-po-ra
te pro-duc-tiv-ity.
 []


Underfull \hbox (badness 10000) in paragraph at lines 713--717
\T1/times/n/n/7.61 Pre-sented at INET96 An-nual Meet-ing. [On-line]. Avail-able
:
 []


Underfull \hbox (badness 10000) in paragraph at lines 720--723
[]\T1/times/n/n/7.61 Teralyzer. Lytera UG, Kirch-hain, Ger-many [On-line]. Avai
l-able:
 []


Underfull \hbox (badness 10000) in paragraph at lines 720--723
[]$\T1/times/n/n/7.61 ,
 []


LaTeX Font Warning: Font shape `T1/formata/m/sl' undefined
(Font)              using `T1/formata/m/it' instead on input line 750.

File: notaglinelogo.png Graphic file (type png)
<use notaglinelogo.png>
Package pdftex.def Info: notaglinelogo.png  used on input line 750.
(pdftex.def)             Requested size: 91.32pt x 23.1352pt.

Overfull \hbox (505.12177pt too wide) has occurred while \output is active
[]
 []


Overfull \hbox (505.12177pt too wide) has occurred while \output is active
[]
 []


Underfull \hbox (badness 10000) has occurred while \output is active
[]
 []

[7]
<author1.png, id=58, 225.84375pt x 282.30469pt>
File: author1.png Graphic file (type png)
<use author1.png>
Package pdftex.def Info: author1.png  used on input line 756.
(pdftex.def)             Requested size: 72.27147pt x 90.33934pt.
File: author1.png Graphic file (type png)
<use author1.png>
Package pdftex.def Info: author1.png  used on input line 756.
(pdftex.def)             Requested size: 72.27147pt x 90.33934pt.
<author2.png, id=61, 225.84375pt x 282.30469pt>
File: author2.png Graphic file (type png)
<use author2.png>
Package pdftex.def Info: author2.png  used on input line 776.
(pdftex.def)             Requested size: 72.27147pt x 90.33934pt.
File: author2.png Graphic file (type png)
<use author2.png>
Package pdftex.def Info: author2.png  used on input line 776.
(pdftex.def)             Requested size: 72.27147pt x 90.33934pt.
File: bullet.png Graphic file (type png)
<use bullet.png>
Package pdftex.def Info: bullet.png  used on input line 827.
(pdftex.def)             Requested size: 5.0pt x 14.6871pt.
File: notaglinelogo.png Graphic file (type png)
<use notaglinelogo.png>
Package pdftex.def Info: notaglinelogo.png  used on input line 829.
(pdftex.def)             Requested size: 91.32pt x 23.1352pt.


LaTeX Font Warning: Font shape `T1/formata/m/sl' undefined
(Font)              using `T1/formata/m/it' instead on input line 829.


Overfull \hbox (505.12177pt too wide) has occurred while \output is active
[]
 []


Overfull \hbox (505.12177pt too wide) has occurred while \output is active
[]
 []


Underfull \hbox (badness 10000) has occurred while \output is active
[]
 []

[8 <./author1.png> <./author2.png>] (access.aux)
 ***********
LaTeX2e <2025-11-01>
L3 programming layer <2026-01-19>
 ***********


LaTeX Font Warning: Some font shapes were not available, defaults substituted.

 ) 
Here is how much of TeX's memory you used:
 4765 strings out of 467867
 75737 string characters out of 5418334
 507914 words of memory out of 5000000
 33559 multiletter control sequences out of 15000+600000
 719727 words of font info for 190 fonts, out of 8000000 for 9000
 1141 hyphenation exceptions out of 8191
 72i,14n,79p,418b,519s stack positions out of 10000i,1000n,20000p,200000b,200000s
<C:/Users/ctran/AppData/Local/Programs/MiKTeX/fonts/type1/public/amsfonts/cm/
cmex10.pfb><C:/Users/ctran/AppData/Local/Programs/MiKTeX/fonts/type1/public/ams
fonts/cm/cmmi10.pfb><C:/Users/ctran/AppData/Local/Programs/MiKTeX/fonts/type1/p
ublic/amsfonts/cm/cmmi6.pfb><C:/Users/ctran/AppData/Local/Programs/MiKTeX/fonts
/type1/public/amsfonts/cm/cmmi7.pfb><C:/Users/ctran/AppData/Local/Programs/MiKT
eX/fonts/type1/public/amsfonts/cm/cmmi8.pfb><C:/Users/ctran/AppData/Local/Progr
ams/MiKTeX/fonts/type1/public/amsfonts/cm/cmr10.pfb><C:/Users/ctran/AppData/Loc
al/Programs/MiKTeX/fonts/type1/public/amsfonts/cm/cmr5.pfb><C:/Users/ctran/AppD
ata/Local/Programs/MiKTeX/fonts/type1/public/amsfonts/cm/cmr6.pfb><C:/Users/ctr
an/AppData/Local/Programs/MiKTeX/fonts/type1/public/amsfonts/cm/cmr7.pfb><C:/Us
ers/ctran/AppData/Local/Programs/MiKTeX/fonts/type1/public/amsfonts/cm/cmr8.pfb
><C:/Users/ctran/AppData/Local/Programs/MiKTeX/fonts/type1/public/amsfonts/cm/c
msy10.pfb><C:/Users/ctran/AppData/Local/Programs/MiKTeX/fonts/type1/public/amsf
onts/cm/cmsy6.pfb><C:/Users/ctran/AppData/Local/Programs/MiKTeX/fonts/type1/pub
lic/amsfonts/cm/cmsy7.pfb><C:/Users/ctran/AppData/Local/Programs/MiKTeX/fonts/t
ype1/public/amsfonts/cm/cmsy8.pfb><C:/Users/ctran/AppData/Local/Programs/MiKTeX
/fonts/type1/public/amsfonts/symbols/msam10.pfb><./t1-formata-bold.pfb><./t1-fo
rmata-condmedium.pfb><./t1-formata-medium.pfb><./t1-formata-mediumitalic.pfb><.
/t1-formata-regular.pfb><./t1-giovannistd-bookitalic.pfb><./t1-times-bold.pfb><
./t1-times-italic.pfb><./t1-times.pfb><C:/Users/ctran/AppData/Local/Programs/Mi
KTeX/fonts/type1/urw/courier/ucrr8a.pfb>
Output written on access.pdf (8 pages, 607652 bytes).
PDF statistics:
 174 PDF objects out of 1000 (max. 8388607)
 0 named destinations out of 1000 (max. 500000)
 68 words of extra memory for PDF output out of 10000 (max. 10000000)

